cpu
###############################################################
THis PROJECT IS ALREADY EXISTS!

Features are taken from path:./Data_features/isMSIH/Features/Data_set_A_isMSIH/feature_lables
mnistNet(
  (dense): Linear(in_features=512, out_features=512, bias=True)
  (dropout): Dropout(p=0.2, inplace=False)
  (dense1): Linear(in_features=512, out_features=256, bias=True)
  (dense2): Linear(in_features=256, out_features=256, bias=True)
  (dense3): Linear(in_features=256, out_features=128, bias=True)
  (dense4): Linear(in_features=128, out_features=2, bias=True)
)

INIT OPTIMIZER ... DONE!

START TRAINING ... 2022-01-26 14:07:09,832 : swarm.mlCnt : INFO : Setting up ml layer for the swarm node: START
2022-01-26 14:07:09,833 : swarm.mlCnt : INFO : ML is running on the sentinel fullnode!
2022-01-26 14:07:10,086 : swarm.mlCnt : INFO : Instantiating file services for ml node 137.226.23.146
SMLFS: Loading State File : /platform/swarmml/SMLNODE/smlfs_state_latest.json
localIp for fs service = 172.17.0.5
2022-01-26 14:07:10,110 : swarm.mlCnt : INFO : Successfully completed the initialization of ML container ...
2022-01-26 14:07:10,133 : swarm.mlCnt : INFO : ***Swarm Callback Params***
2022-01-26 14:07:10,133 : swarm.mlCnt : INFO : sync_interval: 4
2022-01-26 14:07:10,133 : swarm.mlCnt : INFO : min_peers: 2
2022-01-26 14:07:10,134 : swarm.mlCnt : INFO : max_peers: 0
2022-01-26 14:07:10,134 : swarm.mlCnt : INFO : val_batch_size: 124
2022-01-26 14:07:10,134 : swarm.mlCnt : INFO : ***************************
2022-01-26 14:07:10,134 : swarm.mlCnt : INFO : Creating object for context: defaultbb.cqdb.sml.hpe
2022-01-26 14:07:12,242 : swarm.smlCBB : INFO : ***Swarm Network Configuration***
2022-01-26 14:07:12,242 : swarm.smlCBB : INFO : Context:defaultbb.cqdb.sml.hpe
2022-01-26 14:07:12,242 : swarm.smlCBB : INFO :     syncInterval      : 4
2022-01-26 14:07:12,242 : swarm.smlCBB : INFO :     min_peers         : 2
2022-01-26 14:07:12,243 : swarm.smlCBB : INFO :     blackboard_set_by : 137.226.23.26
2022-01-26 14:07:12,243 : swarm.smlCBB : INFO :     adaptive_sync     : False
2022-01-26 14:07:12,243 : swarm.smlCBB : INFO : ***************************
2022-01-26 14:07:12,294 : swarm.mlCnt : INFO : Merging ...
Train Epoch: 1 [0/1200 (0%)]	Loss: 0.695072
2022-01-26 14:07:25,113 : swarm.mlCnt : INFO : Merging ...
2022-01-26 14:07:38,149 : swarm.mlCnt : INFO : Merging ...

Test set: Average loss: 0.0067, Accuracy: 300/300 (100%)

Train Epoch: 2 [0/1200 (0%)]	Loss: 0.691326
2022-01-26 14:07:50,964 : swarm.mlCnt : INFO : Merging ...
2022-01-26 14:08:03,794 : swarm.mlCnt : INFO : Merging ...

Test set: Average loss: 0.0066, Accuracy: 298/300 (99%)

Train Epoch: 3 [0/1200 (0%)]	Loss: 0.687223
2022-01-26 14:08:16,633 : swarm.mlCnt : INFO : Merging ...
2022-01-26 14:08:29,503 : swarm.mlCnt : INFO : Merging ...
2022-01-26 14:08:43,344 : swarm.mlCnt : INFO : Merging ...

Test set: Average loss: 0.0064, Accuracy: 282/300 (94%)

Train Epoch: 4 [0/1200 (0%)]	Loss: 0.683814
2022-01-26 14:08:56,095 : swarm.mlCnt : INFO : Merging ...
2022-01-26 14:09:08,845 : swarm.mlCnt : INFO : Merging ...

Test set: Average loss: 0.0061, Accuracy: 267/300 (89%)

Train Epoch: 5 [0/1200 (0%)]	Loss: 0.666599
2022-01-26 14:09:22,816 : swarm.mlCnt : INFO : Merging ...
2022-01-26 14:09:40,862 : swarm.mlCnt : INFO : Merging ...
2022-01-26 14:09:56,116 : swarm.mlCnt : INFO : Merging ...

Test set: Average loss: 0.0054, Accuracy: 260/300 (87%)

DONE!
saved_model/saved_model_with_isMSIH.pkl
